\BOOKMARK [0][-]{chapter*.1}{\376\377\000C\000e\000r\000t\000i\000f\000i\000c\000a\000t\000e}{}% 1
\BOOKMARK [0][-]{chapter*.3}{\376\377\000A\000b\000s\000t\000r\000a\000c\000t}{}% 2
\BOOKMARK [0][-]{chapter.1}{\376\377\000I\000n\000t\000r\000o\000d\000u\000c\000t\000i\000o\000n}{}% 3
\BOOKMARK [1][-]{section.1.1}{\376\377\000I\000n\000t\000r\000o\000d\000u\000c\000t\000i\000o\000n}{chapter.1}% 4
\BOOKMARK [1][-]{section.1.2}{\376\377\000O\000b\000j\000e\000c\000t\000i\000v\000e\000s}{chapter.1}% 5
\BOOKMARK [1][-]{section.1.3}{\376\377\000P\000r\000o\000b\000l\000e\000m\000\040\000S\000t\000a\000t\000e\000m\000e\000n\000t}{chapter.1}% 6
\BOOKMARK [0][-]{chapter.2}{\376\377\000S\000p\000e\000c\000i\000f\000i\000c\000\040\000R\000e\000q\000u\000i\000r\000e\000m\000e\000n\000t\000s}{}% 7
\BOOKMARK [1][-]{section.2.1}{\376\377\000F\000u\000n\000c\000t\000i\000o\000n\000a\000l\000\040\000R\000e\000q\000u\000i\000r\000e\000m\000e\000n\000t\000s}{chapter.2}% 8
\BOOKMARK [2][-]{subsection.2.1.1}{\376\377\000A\000u\000t\000h\000e\000n\000t\000i\000c\000a\000t\000i\000o\000n\000\040\000a\000n\000d\000\040\000U\000s\000e\000r\000\040\000M\000a\000n\000a\000g\000e\000m\000e\000n\000t\000\040\000F\000u\000n\000c\000t\000i\000o\000n\000s}{section.2.1}% 9
\BOOKMARK [2][-]{subsection.2.1.2}{\376\377\000L\000e\000c\000t\000u\000r\000e\000\040\000S\000l\000o\000t\000\040\000M\000a\000n\000a\000g\000e\000m\000e\000n\000t\000\040\000F\000u\000n\000c\000t\000i\000o\000n\000s}{section.2.1}% 10
\BOOKMARK [2][-]{subsection.2.1.3}{\376\377\000E\000n\000r\000o\000l\000l\000m\000e\000n\000t\000\040\000M\000a\000n\000a\000g\000e\000m\000e\000n\000t\000\040\000F\000u\000n\000c\000t\000i\000o\000n\000s}{section.2.1}% 11
\BOOKMARK [2][-]{subsection.2.1.4}{\376\377\000T\000i\000m\000e\000t\000a\000b\000l\000e\000\040\000a\000n\000d\000\040\000S\000c\000h\000e\000d\000u\000l\000e\000\040\000F\000u\000n\000c\000t\000i\000o\000n\000s}{section.2.1}% 12
\BOOKMARK [2][-]{subsection.2.1.5}{\376\377\000D\000a\000s\000h\000b\000o\000a\000r\000d\000\040\000a\000n\000d\000\040\000A\000n\000a\000l\000y\000t\000i\000c\000s\000\040\000F\000u\000n\000c\000t\000i\000o\000n\000s}{section.2.1}% 13
\BOOKMARK [2][-]{subsection.2.1.6}{\376\377\000A\000d\000d\000i\000t\000i\000o\000n\000a\000l\000\040\000F\000u\000n\000c\000t\000i\000o\000n\000s}{section.2.1}% 14
\BOOKMARK [1][-]{section.2.2}{\376\377\000N\000o\000n\000-\000F\000u\000n\000c\000t\000i\000o\000n\000a\000l\000\040\000R\000e\000q\000u\000i\000r\000e\000m\000e\000n\000t\000s}{chapter.2}% 15
\BOOKMARK [2][-]{subsection.2.2.1}{\376\377\000P\000e\000r\000f\000o\000r\000m\000a\000n\000c\000e\000\040\000R\000e\000q\000u\000i\000r\000e\000m\000e\000n\000t\000s}{section.2.2}% 16
\BOOKMARK [2][-]{subsection.2.2.2}{\376\377\000S\000e\000c\000u\000r\000i\000t\000y\000\040\000R\000e\000q\000u\000i\000r\000e\000m\000e\000n\000t\000s}{section.2.2}% 17
\BOOKMARK [2][-]{subsection.2.2.3}{\376\377\000U\000s\000a\000b\000i\000l\000i\000t\000y\000\040\000R\000e\000q\000u\000i\000r\000e\000m\000e\000n\000t\000s}{section.2.2}% 18
\BOOKMARK [2][-]{subsection.2.2.4}{\376\377\000R\000e\000l\000i\000a\000b\000i\000l\000i\000t\000y\000\040\000R\000e\000q\000u\000i\000r\000e\000m\000e\000n\000t\000s}{section.2.2}% 19
\BOOKMARK [2][-]{subsection.2.2.5}{\376\377\000M\000a\000i\000n\000t\000a\000i\000n\000a\000b\000i\000l\000i\000t\000y\000\040\000R\000e\000q\000u\000i\000r\000e\000m\000e\000n\000t\000s}{section.2.2}% 20
\BOOKMARK [2][-]{subsection.2.2.6}{\376\377\000P\000o\000r\000t\000a\000b\000i\000l\000i\000t\000y\000\040\000R\000e\000q\000u\000i\000r\000e\000m\000e\000n\000t\000s}{section.2.2}% 21
\BOOKMARK [2][-]{subsection.2.2.7}{\376\377\000C\000o\000m\000p\000a\000t\000i\000b\000i\000l\000i\000t\000y\000\040\000R\000e\000q\000u\000i\000r\000e\000m\000e\000n\000t\000s}{section.2.2}% 22
\BOOKMARK [0][-]{chapter.3}{\376\377\000T\000e\000c\000h\000n\000o\000l\000o\000g\000y\000\040\000S\000t\000a\000c\000k}{}% 23
\BOOKMARK [1][-]{section.3.1}{\376\377\000O\000v\000e\000r\000v\000i\000e\000w}{chapter.3}% 24
\BOOKMARK [1][-]{section.3.2}{\376\377\000F\000r\000o\000n\000t\000e\000n\000d\000\040\000T\000e\000c\000h\000n\000o\000l\000o\000g\000i\000e\000s}{chapter.3}% 25
\BOOKMARK [2][-]{subsection.3.2.1}{\376\377\000C\000o\000r\000e\000\040\000T\000e\000c\000h\000n\000o\000l\000o\000g\000i\000e\000s}{section.3.2}% 26
\BOOKMARK [2][-]{subsection.3.2.2}{\376\377\000U\000I\000\040\000a\000n\000d\000\040\000S\000t\000y\000l\000i\000n\000g}{section.3.2}% 27
\BOOKMARK [2][-]{subsection.3.2.3}{\376\377\000R\000o\000u\000t\000i\000n\000g\000\040\000a\000n\000d\000\040\000N\000a\000v\000i\000g\000a\000t\000i\000o\000n}{section.3.2}% 28
\BOOKMARK [2][-]{subsection.3.2.4}{\376\377\000H\000T\000T\000P\000\040\000a\000n\000d\000\040\000A\000P\000I\000\040\000C\000o\000m\000m\000u\000n\000i\000c\000a\000t\000i\000o\000n}{section.3.2}% 29
\BOOKMARK [2][-]{subsection.3.2.5}{\376\377\000F\000o\000r\000m\000\040\000M\000a\000n\000a\000g\000e\000m\000e\000n\000t\000\040\000a\000n\000d\000\040\000V\000a\000l\000i\000d\000a\000t\000i\000o\000n}{section.3.2}% 30
\BOOKMARK [2][-]{subsection.3.2.6}{\376\377\000U\000s\000e\000r\000\040\000F\000e\000e\000d\000b\000a\000c\000k\000\040\000a\000n\000d\000\040\000N\000o\000t\000i\000f\000i\000c\000a\000t\000i\000o\000n\000s}{section.3.2}% 31
\BOOKMARK [2][-]{subsection.3.2.7}{\376\377\000U\000t\000i\000l\000i\000t\000y\000\040\000L\000i\000b\000r\000a\000r\000i\000e\000s}{section.3.2}% 32
\BOOKMARK [1][-]{section.3.3}{\376\377\000B\000a\000c\000k\000e\000n\000d\000\040\000T\000e\000c\000h\000n\000o\000l\000o\000g\000i\000e\000s}{chapter.3}% 33
\BOOKMARK [2][-]{subsection.3.3.1}{\376\377\000C\000o\000r\000e\000\040\000T\000e\000c\000h\000n\000o\000l\000o\000g\000i\000e\000s}{section.3.3}% 34
\BOOKMARK [2][-]{subsection.3.3.2}{\376\377\000D\000a\000t\000a\000b\000a\000s\000e}{section.3.3}% 35
\BOOKMARK [2][-]{subsection.3.3.3}{\376\377\000A\000u\000t\000h\000e\000n\000t\000i\000c\000a\000t\000i\000o\000n\000\040\000a\000n\000d\000\040\000S\000e\000c\000u\000r\000i\000t\000y}{section.3.3}% 36
\BOOKMARK [2][-]{subsection.3.3.4}{\376\377\000V\000a\000l\000i\000d\000a\000t\000i\000o\000n\000\040\000a\000n\000d\000\040\000D\000a\000t\000a\000\040\000P\000r\000o\000c\000e\000s\000s\000i\000n\000g}{section.3.3}% 37
\BOOKMARK [2][-]{subsection.3.3.5}{\376\377\000A\000P\000I\000\040\000S\000e\000c\000u\000r\000i\000t\000y\000\040\000a\000n\000d\000\040\000R\000a\000t\000e\000\040\000L\000i\000m\000i\000t\000i\000n\000g}{section.3.3}% 38
\BOOKMARK [2][-]{subsection.3.3.6}{\376\377\000L\000o\000g\000g\000i\000n\000g\000\040\000a\000n\000d\000\040\000M\000o\000n\000i\000t\000o\000r\000i\000n\000g}{section.3.3}% 39
\BOOKMARK [2][-]{subsection.3.3.7}{\376\377\000C\000o\000n\000f\000i\000g\000u\000r\000a\000t\000i\000o\000n\000\040\000M\000a\000n\000a\000g\000e\000m\000e\000n\000t}{section.3.3}% 40
\BOOKMARK [1][-]{section.3.4}{\376\377\000D\000e\000v\000e\000l\000o\000p\000m\000e\000n\000t\000\040\000T\000o\000o\000l\000s}{chapter.3}% 41
\BOOKMARK [2][-]{subsection.3.4.1}{\376\377\000C\000o\000d\000e\000\040\000Q\000u\000a\000l\000i\000t\000y}{section.3.4}% 42
\BOOKMARK [2][-]{subsection.3.4.2}{\376\377\000T\000e\000s\000t\000i\000n\000g}{section.3.4}% 43
\BOOKMARK [2][-]{subsection.3.4.3}{\376\377\000C\000o\000n\000t\000a\000i\000n\000e\000r\000i\000z\000a\000t\000i\000o\000n}{section.3.4}% 44
\BOOKMARK [1][-]{section.3.5}{\376\377\000A\000r\000c\000h\000i\000t\000e\000c\000t\000u\000r\000e\000\040\000P\000a\000t\000t\000e\000r\000n\000s}{chapter.3}% 45
\BOOKMARK [2][-]{subsection.3.5.1}{\376\377\000M\000E\000R\000N\000\040\000S\000t\000a\000c\000k\000\040\000A\000r\000c\000h\000i\000t\000e\000c\000t\000u\000r\000e}{section.3.5}% 46
\BOOKMARK [2][-]{subsection.3.5.2}{\376\377\000R\000E\000S\000T\000\040\000A\000P\000I\000\040\000A\000r\000c\000h\000i\000t\000e\000c\000t\000u\000r\000e}{section.3.5}% 47
\BOOKMARK [2][-]{subsection.3.5.3}{\376\377\000M\000V\000C\000\040\000P\000a\000t\000t\000e\000r\000n\000\040\000\050\000B\000a\000c\000k\000e\000n\000d\000\051}{section.3.5}% 48
\BOOKMARK [2][-]{subsection.3.5.4}{\376\377\000C\000o\000m\000p\000o\000n\000e\000n\000t\000-\000B\000a\000s\000e\000d\000\040\000A\000r\000c\000h\000i\000t\000e\000c\000t\000u\000r\000e\000\040\000\050\000F\000r\000o\000n\000t\000e\000n\000d\000\051}{section.3.5}% 49
\BOOKMARK [1][-]{section.3.6}{\376\377\000T\000e\000c\000h\000n\000o\000l\000o\000g\000y\000\040\000J\000u\000s\000t\000i\000f\000i\000c\000a\000t\000i\000o\000n}{chapter.3}% 50
\BOOKMARK [2][-]{subsection.3.6.1}{\376\377\000W\000h\000y\000\040\000M\000E\000R\000N\000\040\000S\000t\000a\000c\000k\000?}{section.3.6}% 51
\BOOKMARK [2][-]{subsection.3.6.2}{\376\377\000K\000e\000y\000\040\000T\000e\000c\000h\000n\000o\000l\000o\000g\000y\000\040\000B\000e\000n\000e\000f\000i\000t\000s}{section.3.6}% 52
\BOOKMARK [0][-]{chapter.4}{\376\377\000M\000e\000t\000h\000o\000d\000o\000l\000o\000g\000y}{}% 53
\BOOKMARK [1][-]{section.4.1}{\376\377\000D\000a\000t\000a\000\040\000F\000l\000o\000w\000\040\000D\000i\000a\000g\000r\000a\000m\000s\000\040\000\050\000D\000F\000D\000\051}{chapter.4}% 54
\BOOKMARK [2][-]{subsection.4.1.1}{\376\377\000D\000F\000D\000\040\000L\000e\000v\000e\000l\000\040\0000\000\040\000\050\000C\000o\000n\000t\000e\000x\000t\000\040\000D\000i\000a\000g\000r\000a\000m\000\051}{section.4.1}% 55
\BOOKMARK [2][-]{subsection.4.1.2}{\376\377\000D\000F\000D\000\040\000L\000e\000v\000e\000l\000\040\0001\000\040\000\050\000H\000i\000g\000h\000-\000L\000e\000v\000e\000l\000\040\000P\000r\000o\000c\000e\000s\000s\000e\000s\000\051}{section.4.1}% 56
\BOOKMARK [2][-]{subsection.4.1.3}{\376\377\000D\000F\000D\000\040\000L\000e\000v\000e\000l\000\040\0002\000\040\000\050\000D\000e\000t\000a\000i\000l\000e\000d\000\040\000P\000r\000o\000c\000e\000s\000s\000e\000s\000\051}{section.4.1}% 57
\BOOKMARK [1][-]{section.4.2}{\376\377\000U\000s\000e\000\040\000C\000a\000s\000e\000\040\000D\000i\000a\000g\000r\000a\000m}{chapter.4}% 58
\BOOKMARK [1][-]{section.4.3}{\376\377\000S\000e\000q\000u\000e\000n\000c\000e\000\040\000D\000i\000a\000g\000r\000a\000m}{chapter.4}% 59
\BOOKMARK [1][-]{section.4.4}{\376\377\000A\000c\000t\000i\000v\000i\000t\000y\000\040\000D\000i\000a\000g\000r\000a\000m}{chapter.4}% 60
\BOOKMARK [1][-]{section.4.5}{\376\377\000D\000e\000p\000l\000o\000y\000m\000e\000n\000t\000\040\000D\000i\000a\000g\000r\000a\000m}{chapter.4}% 61
\BOOKMARK [1][-]{section.4.6}{\376\377\000W\000o\000r\000k\000\040\000B\000r\000e\000a\000k\000d\000o\000w\000n\000\040\000S\000t\000r\000u\000c\000t\000u\000r\000e\000\040\000\050\000W\000B\000S\000\051}{chapter.4}% 62
\BOOKMARK [1][-]{section.4.7}{\376\377\000G\000a\000n\000t\000t\000\040\000C\000h\000a\000r\000t}{chapter.4}% 63
\BOOKMARK [1][-]{section.4.8}{\376\377\000R\000M\000M\000M\000\040\000P\000l\000a\000n\000\040\000\050\000R\000i\000s\000k\000\040\000M\000a\000n\000a\000g\000e\000m\000e\000n\000t\000,\000\040\000M\000o\000n\000i\000t\000o\000r\000i\000n\000g\000,\000\040\000a\000n\000d\000\040\000M\000i\000t\000i\000g\000a\000t\000i\000o\000n\000\051}{chapter.4}% 64
\BOOKMARK [2][-]{subsection.4.8.1}{\376\377\000R\000i\000s\000k\000\040\000I\000d\000e\000n\000t\000i\000f\000i\000c\000a\000t\000i\000o\000n\000\040\000a\000n\000d\000\040\000A\000s\000s\000e\000s\000s\000m\000e\000n\000t}{section.4.8}% 65
\BOOKMARK [2][-]{subsection.4.8.2}{\376\377\000D\000e\000t\000a\000i\000l\000e\000d\000\040\000R\000i\000s\000k\000\040\000A\000s\000s\000e\000s\000s\000m\000e\000n\000t}{section.4.8}% 66
\BOOKMARK [2][-]{subsection.4.8.3}{\376\377\000R\000i\000s\000k\000\040\000M\000a\000n\000a\000g\000e\000m\000e\000n\000t\000\040\000P\000r\000o\000c\000e\000s\000s}{section.4.8}% 67
\BOOKMARK [2][-]{subsection.4.8.4}{\376\377\000R\000i\000s\000k\000\040\000S\000u\000m\000m\000a\000r\000y}{section.4.8}% 68
\BOOKMARK [1][-]{section.4.9}{\376\377\000T\000e\000s\000t\000\040\000C\000a\000s\000e\000s}{chapter.4}% 69
\BOOKMARK [2][-]{subsection.4.9.1}{\376\377\000T\000e\000s\000t\000\040\000C\000a\000s\000e\000\040\000O\000v\000e\000r\000v\000i\000e\000w}{section.4.9}% 70
\BOOKMARK [2][-]{subsection.4.9.2}{\376\377\000T\000e\000s\000t\000\040\000C\000a\000s\000e\000\040\000C\000o\000v\000e\000r\000a\000g\000e\000\040\000A\000r\000e\000a\000s}{section.4.9}% 71
\BOOKMARK [2][-]{subsection.4.9.3}{\376\377\000D\000e\000t\000a\000i\000l\000e\000d\000\040\000T\000e\000s\000t\000\040\000C\000a\000s\000e\000s}{section.4.9}% 72
\BOOKMARK [2][-]{subsection.4.9.4}{\376\377\000T\000e\000s\000t\000\040\000E\000x\000e\000c\000u\000t\000i\000o\000n\000\040\000S\000u\000m\000m\000a\000r\000y}{section.4.9}% 73
\BOOKMARK [2][-]{subsection.4.9.5}{\376\377\000Q\000u\000a\000l\000i\000t\000y\000\040\000A\000s\000s\000u\000r\000a\000n\000c\000e\000\040\000A\000p\000p\000r\000o\000a\000c\000h}{section.4.9}% 74
\BOOKMARK [0][-]{chapter.5}{\376\377\000R\000e\000s\000u\000l\000t\000s\000\040\000\046\000\040\000D\000i\000s\000c\000u\000s\000s\000i\000o\000n}{}% 75
\BOOKMARK [1][-]{section.5.1}{\376\377\000P\000r\000o\000j\000e\000c\000t\000\040\000S\000c\000r\000e\000e\000n\000s\000h\000o\000t\000s\000\040\000a\000n\000d\000\040\000S\000y\000s\000t\000e\000m\000\040\000I\000n\000t\000e\000r\000f\000a\000c\000e}{chapter.5}% 76
\BOOKMARK [2][-]{subsection.5.1.1}{\376\377\000U\000s\000e\000r\000\040\000A\000u\000t\000h\000e\000n\000t\000i\000c\000a\000t\000i\000o\000n\000\040\000I\000n\000t\000e\000r\000f\000a\000c\000e}{section.5.1}% 77
\BOOKMARK [2][-]{subsection.5.1.2}{\376\377\000S\000t\000u\000d\000e\000n\000t\000\040\000D\000a\000s\000h\000b\000o\000a\000r\000d\000\040\000I\000n\000t\000e\000r\000f\000a\000c\000e}{section.5.1}% 78
\BOOKMARK [2][-]{subsection.5.1.3}{\376\377\000F\000a\000c\000u\000l\000t\000y\000\040\000C\000o\000u\000r\000s\000e\000\040\000M\000a\000n\000a\000g\000e\000m\000e\000n\000t\000\040\000I\000n\000t\000e\000r\000f\000a\000c\000e}{section.5.1}% 79
\BOOKMARK [2][-]{subsection.5.1.4}{\376\377\000A\000d\000m\000i\000n\000i\000s\000t\000r\000a\000t\000o\000r\000\040\000C\000o\000n\000t\000r\000o\000l\000\040\000P\000a\000n\000e\000l}{section.5.1}% 80
\BOOKMARK [2][-]{subsection.5.1.5}{\376\377\000I\000n\000t\000e\000r\000a\000c\000t\000i\000v\000e\000\040\000T\000i\000m\000e\000t\000a\000b\000l\000e\000\040\000D\000i\000s\000p\000l\000a\000y}{section.5.1}% 81
\BOOKMARK [2][-]{subsection.5.1.6}{\376\377\000C\000o\000u\000r\000s\000e\000\040\000E\000n\000r\000o\000l\000l\000m\000e\000n\000t\000\040\000P\000r\000o\000c\000e\000s\000s}{section.5.1}% 82
\BOOKMARK [1][-]{section.5.2}{\376\377\000S\000y\000s\000t\000e\000m\000\040\000I\000m\000p\000l\000e\000m\000e\000n\000t\000a\000t\000i\000o\000n\000\040\000R\000e\000s\000u\000l\000t\000s}{chapter.5}% 83
\BOOKMARK [2][-]{subsection.5.2.1}{\376\377\000O\000v\000e\000r\000a\000l\000l\000\040\000S\000y\000s\000t\000e\000m\000\040\000A\000r\000c\000h\000i\000t\000e\000c\000t\000u\000r\000e\000\040\000A\000c\000h\000i\000e\000v\000e\000m\000e\000n\000t}{section.5.2}% 84
\BOOKMARK [1][-]{section.5.3}{\376\377\000F\000u\000n\000c\000t\000i\000o\000n\000a\000l\000\040\000I\000m\000p\000l\000e\000m\000e\000n\000t\000a\000t\000i\000o\000n\000\040\000R\000e\000s\000u\000l\000t\000s}{chapter.5}% 85
\BOOKMARK [2][-]{subsection.5.3.1}{\376\377\000U\000s\000e\000r\000\040\000A\000u\000t\000h\000e\000n\000t\000i\000c\000a\000t\000i\000o\000n\000\040\000a\000n\000d\000\040\000A\000u\000t\000h\000o\000r\000i\000z\000a\000t\000i\000o\000n}{section.5.3}% 86
\BOOKMARK [2][-]{subsection.5.3.2}{\376\377\000L\000e\000c\000t\000u\000r\000e\000\040\000S\000l\000o\000t\000\040\000M\000a\000n\000a\000g\000e\000m\000e\000n\000t}{section.5.3}% 87
\BOOKMARK [2][-]{subsection.5.3.3}{\376\377\000S\000t\000u\000d\000e\000n\000t\000\040\000E\000n\000r\000o\000l\000l\000m\000e\000n\000t\000\040\000S\000y\000s\000t\000e\000m}{section.5.3}% 88
\BOOKMARK [1][-]{section.5.4}{\376\377\000U\000s\000e\000r\000\040\000I\000n\000t\000e\000r\000f\000a\000c\000e\000\040\000a\000n\000d\000\040\000E\000x\000p\000e\000r\000i\000e\000n\000c\000e\000\040\000R\000e\000s\000u\000l\000t\000s}{chapter.5}% 89
\BOOKMARK [2][-]{subsection.5.4.1}{\376\377\000D\000a\000s\000h\000b\000o\000a\000r\000d\000\040\000I\000m\000p\000l\000e\000m\000e\000n\000t\000a\000t\000i\000o\000n}{section.5.4}% 90
\BOOKMARK [2][-]{subsection.5.4.2}{\376\377\000T\000i\000m\000e\000t\000a\000b\000l\000e\000\040\000V\000i\000s\000u\000a\000l\000i\000z\000a\000t\000i\000o\000n}{section.5.4}% 91
\BOOKMARK [1][-]{section.5.5}{\376\377\000T\000e\000s\000t\000i\000n\000g\000\040\000a\000n\000d\000\040\000Q\000u\000a\000l\000i\000t\000y\000\040\000A\000s\000s\000u\000r\000a\000n\000c\000e\000\040\000R\000e\000s\000u\000l\000t\000s}{chapter.5}% 92
\BOOKMARK [2][-]{subsection.5.5.1}{\376\377\000C\000o\000m\000p\000r\000e\000h\000e\000n\000s\000i\000v\000e\000\040\000T\000e\000s\000t\000i\000n\000g\000\040\000O\000u\000t\000c\000o\000m\000e\000s}{section.5.5}% 93
\BOOKMARK [2][-]{subsection.5.5.2}{\376\377\000P\000e\000r\000f\000o\000r\000m\000a\000n\000c\000e\000\040\000B\000e\000n\000c\000h\000m\000a\000r\000k\000i\000n\000g}{section.5.5}% 94
\BOOKMARK [1][-]{section.5.6}{\376\377\000D\000i\000s\000c\000u\000s\000s\000i\000o\000n\000\040\000o\000f\000\040\000R\000e\000s\000u\000l\000t\000s}{chapter.5}% 95
\BOOKMARK [2][-]{subsection.5.6.1}{\376\377\000A\000c\000h\000i\000e\000v\000e\000m\000e\000n\000t\000\040\000A\000n\000a\000l\000y\000s\000i\000s}{section.5.6}% 96
\BOOKMARK [2][-]{subsection.5.6.2}{\376\377\000C\000o\000m\000p\000a\000r\000a\000t\000i\000v\000e\000\040\000A\000n\000a\000l\000y\000s\000i\000s}{section.5.6}% 97
\BOOKMARK [2][-]{subsection.5.6.3}{\376\377\000T\000e\000c\000h\000n\000i\000c\000a\000l\000\040\000I\000n\000n\000o\000v\000a\000t\000i\000o\000n}{section.5.6}% 98
\BOOKMARK [2][-]{subsection.5.6.4}{\376\377\000C\000h\000a\000l\000l\000e\000n\000g\000e\000s\000\040\000O\000v\000e\000r\000c\000o\000m\000e}{section.5.6}% 99
\BOOKMARK [2][-]{subsection.5.6.5}{\376\377\000I\000m\000p\000a\000c\000t\000\040\000A\000s\000s\000e\000s\000s\000m\000e\000n\000t}{section.5.6}% 100
\BOOKMARK [2][-]{subsection.5.6.6}{\376\377\000F\000a\000c\000u\000l\000t\000y\000\040\000D\000a\000s\000h\000b\000o\000a\000r\000d}{section.5.6}% 101
\BOOKMARK [2][-]{subsection.5.6.7}{\376\377\000A\000d\000m\000i\000n\000\040\000D\000a\000s\000h\000b\000o\000a\000r\000d}{section.5.6}% 102
\BOOKMARK [1][-]{section.5.7}{\376\377\000L\000e\000c\000t\000u\000r\000e\000\040\000S\000l\000o\000t\000\040\000M\000a\000n\000a\000g\000e\000m\000e\000n\000t}{chapter.5}% 103
\BOOKMARK [2][-]{subsection.5.7.1}{\376\377\000B\000r\000o\000w\000s\000e\000\040\000L\000e\000c\000t\000u\000r\000e\000\040\000S\000l\000o\000t\000s}{section.5.7}% 104
\BOOKMARK [2][-]{subsection.5.7.2}{\376\377\000C\000r\000e\000a\000t\000e\000\040\000L\000e\000c\000t\000u\000r\000e\000\040\000S\000l\000o\000t\000\040\000\050\000F\000a\000c\000u\000l\000t\000y\000/\000A\000d\000m\000i\000n\000\051}{section.5.7}% 105
\BOOKMARK [2][-]{subsection.5.7.3}{\376\377\000E\000d\000i\000t\000\040\000L\000e\000c\000t\000u\000r\000e\000\040\000S\000l\000o\000t}{section.5.7}% 106
\BOOKMARK [2][-]{subsection.5.7.4}{\376\377\000D\000e\000l\000e\000t\000e\000\040\000L\000e\000c\000t\000u\000r\000e\000\040\000S\000l\000o\000t}{section.5.7}% 107
\BOOKMARK [1][-]{section.5.8}{\376\377\000E\000n\000r\000o\000l\000l\000m\000e\000n\000t\000\040\000M\000a\000n\000a\000g\000e\000m\000e\000n\000t}{chapter.5}% 108
\BOOKMARK [2][-]{subsection.5.8.1}{\376\377\000E\000n\000r\000o\000l\000l\000\040\000i\000n\000\040\000C\000o\000u\000r\000s\000e\000\040\000\050\000S\000t\000u\000d\000e\000n\000t\000\051}{section.5.8}% 109
\BOOKMARK [2][-]{subsection.5.8.2}{\376\377\000V\000i\000e\000w\000\040\000M\000y\000\040\000E\000n\000r\000o\000l\000l\000m\000e\000n\000t\000s}{section.5.8}% 110
\BOOKMARK [2][-]{subsection.5.8.3}{\376\377\000E\000n\000r\000o\000l\000l\000m\000e\000n\000t\000\040\000S\000t\000a\000t\000u\000s\000\040\000M\000a\000n\000a\000g\000e\000m\000e\000n\000t\000\040\000\050\000F\000a\000c\000u\000l\000t\000y\000/\000A\000d\000m\000i\000n\000\051}{section.5.8}% 111
\BOOKMARK [1][-]{section.5.9}{\376\377\000T\000i\000m\000e\000t\000a\000b\000l\000e\000\040\000V\000i\000e\000w}{chapter.5}% 112
\BOOKMARK [2][-]{subsection.5.9.1}{\376\377\000S\000t\000u\000d\000e\000n\000t\000\040\000T\000i\000m\000e\000t\000a\000b\000l\000e}{section.5.9}% 113
\BOOKMARK [2][-]{subsection.5.9.2}{\376\377\000F\000a\000c\000u\000l\000t\000y\000\040\000T\000i\000m\000e\000t\000a\000b\000l\000e}{section.5.9}% 114
\BOOKMARK [1][-]{section.5.10}{\376\377\000U\000s\000e\000r\000\040\000M\000a\000n\000a\000g\000e\000m\000e\000n\000t\000\040\000\050\000A\000d\000m\000i\000n\000\051}{chapter.5}% 115
\BOOKMARK [2][-]{subsection.5.10.1}{\376\377\000U\000s\000e\000r\000\040\000L\000i\000s\000t}{section.5.10}% 116
\BOOKMARK [2][-]{subsection.5.10.2}{\376\377\000C\000r\000e\000a\000t\000e\000/\000E\000d\000i\000t\000\040\000U\000s\000e\000r}{section.5.10}% 117
\BOOKMARK [1][-]{section.5.11}{\376\377\000C\000o\000u\000r\000s\000e\000\040\000a\000n\000d\000\040\000S\000u\000b\000j\000e\000c\000t\000\040\000M\000a\000n\000a\000g\000e\000m\000e\000n\000t}{chapter.5}% 118
\BOOKMARK [2][-]{subsection.5.11.1}{\376\377\000C\000o\000u\000r\000s\000e\000\040\000L\000i\000s\000t\000i\000n\000g}{section.5.11}% 119
\BOOKMARK [2][-]{subsection.5.11.2}{\376\377\000S\000e\000a\000r\000c\000h\000\040\000a\000n\000d\000\040\000F\000i\000l\000t\000e\000r}{section.5.11}% 120
\BOOKMARK [1][-]{section.5.12}{\376\377\000N\000o\000t\000i\000f\000i\000c\000a\000t\000i\000o\000n\000s\000\040\000a\000n\000d\000\040\000A\000l\000e\000r\000t\000s}{chapter.5}% 121
\BOOKMARK [1][-]{section.5.13}{\376\377\000S\000y\000s\000t\000e\000m\000\040\000P\000e\000r\000f\000o\000r\000m\000a\000n\000c\000e\000\040\000a\000n\000d\000\040\000M\000e\000t\000r\000i\000c\000s}{chapter.5}% 122
\BOOKMARK [2][-]{subsection.5.13.1}{\376\377\000P\000e\000r\000f\000o\000r\000m\000a\000n\000c\000e\000\040\000R\000e\000s\000u\000l\000t\000s}{section.5.13}% 123
\BOOKMARK [2][-]{subsection.5.13.2}{\376\377\000S\000c\000a\000l\000a\000b\000i\000l\000i\000t\000y}{section.5.13}% 124
\BOOKMARK [2][-]{subsection.5.13.3}{\376\377\000S\000e\000c\000u\000r\000i\000t\000y\000\040\000I\000m\000p\000l\000e\000m\000e\000n\000t\000a\000t\000i\000o\000n}{section.5.13}% 125
\BOOKMARK [1][-]{section.5.14}{\376\377\000U\000s\000e\000r\000\040\000F\000e\000e\000d\000b\000a\000c\000k\000\040\000a\000n\000d\000\040\000T\000e\000s\000t\000i\000n\000g\000\040\000R\000e\000s\000u\000l\000t\000s}{chapter.5}% 126
\BOOKMARK [2][-]{subsection.5.14.1}{\376\377\000U\000s\000a\000b\000i\000l\000i\000t\000y\000\040\000T\000e\000s\000t\000i\000n\000g}{section.5.14}% 127
\BOOKMARK [2][-]{subsection.5.14.2}{\376\377\000T\000e\000s\000t\000\040\000E\000x\000e\000c\000u\000t\000i\000o\000n\000\040\000R\000e\000s\000u\000l\000t\000s}{section.5.14}% 128
\BOOKMARK [1][-]{section.5.15}{\376\377\000D\000i\000s\000c\000u\000s\000s\000i\000o\000n}{chapter.5}% 129
\BOOKMARK [2][-]{subsection.5.15.1}{\376\377\000A\000c\000h\000i\000e\000v\000e\000m\000e\000n\000t\000\040\000o\000f\000\040\000O\000b\000j\000e\000c\000t\000i\000v\000e\000s}{section.5.15}% 130
\BOOKMARK [2][-]{subsection.5.15.2}{\376\377\000A\000d\000v\000a\000n\000t\000a\000g\000e\000s\000\040\000O\000v\000e\000r\000\040\000M\000a\000n\000u\000a\000l\000\040\000S\000y\000s\000t\000e\000m\000s}{section.5.15}% 131
\BOOKMARK [2][-]{subsection.5.15.3}{\376\377\000C\000h\000a\000l\000l\000e\000n\000g\000e\000s\000\040\000O\000v\000e\000r\000c\000o\000m\000e}{section.5.15}% 132
\BOOKMARK [2][-]{subsection.5.15.4}{\376\377\000S\000y\000s\000t\000e\000m\000\040\000I\000m\000p\000a\000c\000t}{section.5.15}% 133
\BOOKMARK [2][-]{subsection.5.15.5}{\376\377\000T\000e\000c\000h\000n\000o\000l\000o\000g\000y\000\040\000S\000t\000a\000c\000k\000\040\000V\000a\000l\000i\000d\000a\000t\000i\000o\000n}{section.5.15}% 134
\BOOKMARK [1][-]{section.5.16}{\376\377\000S\000u\000m\000m\000a\000r\000y}{chapter.5}% 135
\BOOKMARK [0][-]{chapter.6}{\376\377\000C\000o\000n\000c\000l\000u\000s\000i\000o\000n\000\040\000a\000n\000d\000\040\000F\000u\000t\000u\000r\000e\000\040\000S\000c\000o\000p\000e}{}% 136
\BOOKMARK [1][-]{section.6.1}{\376\377\000C\000o\000n\000c\000l\000u\000s\000i\000o\000n}{chapter.6}% 137
\BOOKMARK [2][-]{subsection.6.1.1}{\376\377\000P\000r\000o\000j\000e\000c\000t\000\040\000O\000v\000e\000r\000v\000i\000e\000w\000\040\000a\000n\000d\000\040\000A\000p\000p\000l\000i\000c\000a\000t\000i\000o\000n\000\040\000A\000r\000e\000a\000s}{section.6.1}% 138
\BOOKMARK [2][-]{subsection.6.1.2}{\376\377\000T\000e\000c\000h\000n\000i\000c\000a\000l\000\040\000A\000c\000h\000i\000e\000v\000e\000m\000e\000n\000t\000\040\000a\000n\000d\000\040\000I\000n\000n\000o\000v\000a\000t\000i\000o\000n}{section.6.1}% 139
\BOOKMARK [2][-]{subsection.6.1.3}{\376\377\000F\000u\000n\000c\000t\000i\000o\000n\000a\000l\000\040\000E\000x\000c\000e\000l\000l\000e\000n\000c\000e\000\040\000a\000n\000d\000\040\000U\000s\000e\000r\000\040\000I\000m\000p\000a\000c\000t}{section.6.1}% 140
\BOOKMARK [2][-]{subsection.6.1.4}{\376\377\000Q\000u\000a\000l\000i\000t\000y\000\040\000A\000s\000s\000u\000r\000a\000n\000c\000e\000\040\000a\000n\000d\000\040\000T\000e\000s\000t\000i\000n\000g\000\040\000E\000x\000c\000e\000l\000l\000e\000n\000c\000e}{section.6.1}% 141
\BOOKMARK [2][-]{subsection.6.1.5}{\376\377\000P\000r\000o\000j\000e\000c\000t\000\040\000M\000a\000n\000a\000g\000e\000m\000e\000n\000t\000\040\000a\000n\000d\000\040\000T\000e\000a\000m\000\040\000C\000o\000l\000l\000a\000b\000o\000r\000a\000t\000i\000o\000n}{section.6.1}% 142
\BOOKMARK [2][-]{subsection.6.1.6}{\376\377\000A\000p\000p\000l\000i\000c\000a\000t\000i\000o\000n\000\040\000A\000r\000e\000a\000s\000\040\000a\000n\000d\000\040\000I\000n\000d\000u\000s\000t\000r\000y\000\040\000I\000m\000p\000a\000c\000t}{section.6.1}% 143
\BOOKMARK [2][-]{subsection.6.1.7}{\376\377\000I\000n\000n\000o\000v\000a\000t\000i\000o\000n\000\040\000a\000n\000d\000\040\000T\000e\000c\000h\000n\000i\000c\000a\000l\000\040\000C\000o\000n\000t\000r\000i\000b\000u\000t\000i\000o\000n}{section.6.1}% 144
\BOOKMARK [2][-]{subsection.6.1.8}{\376\377\000F\000i\000n\000a\000l\000\040\000A\000s\000s\000e\000s\000s\000m\000e\000n\000t}{section.6.1}% 145
\BOOKMARK [2][-]{subsection.6.1.9}{\376\377\000A\000p\000p\000l\000i\000c\000a\000t\000i\000o\000n\000\040\000A\000r\000e\000a\000s}{section.6.1}% 146
\BOOKMARK [2][-]{subsection.6.1.10}{\376\377\000I\000m\000p\000a\000c\000t\000\040\000a\000n\000d\000\040\000B\000e\000n\000e\000f\000i\000t\000s}{section.6.1}% 147
\BOOKMARK [2][-]{subsection.6.1.11}{\376\377\000L\000e\000s\000s\000o\000n\000s\000\040\000L\000e\000a\000r\000n\000e\000d}{section.6.1}% 148
\BOOKMARK [2][-]{subsection.6.1.12}{\376\377\000C\000o\000n\000c\000l\000u\000s\000i\000o\000n\000\040\000S\000t\000a\000t\000e\000m\000e\000n\000t}{section.6.1}% 149
\BOOKMARK [1][-]{section.6.2}{\376\377\000F\000u\000t\000u\000r\000e\000\040\000S\000c\000o\000p\000e}{chapter.6}% 150
\BOOKMARK [2][-]{subsection.6.2.1}{\376\377\000S\000h\000o\000r\000t\000-\000t\000e\000r\000m\000\040\000E\000n\000h\000a\000n\000c\000e\000m\000e\000n\000t\000s\000\040\000\050\0003\000-\0006\000\040\000m\000o\000n\000t\000h\000s\000\051}{section.6.2}% 151
\BOOKMARK [2][-]{subsection.6.2.2}{\376\377\000M\000e\000d\000i\000u\000m\000-\000t\000e\000r\000m\000\040\000E\000n\000h\000a\000n\000c\000e\000m\000e\000n\000t\000s\000\040\000\050\0006\000-\0001\0002\000\040\000m\000o\000n\000t\000h\000s\000\051}{section.6.2}% 152
\BOOKMARK [2][-]{subsection.6.2.3}{\376\377\000L\000o\000n\000g\000-\000t\000e\000r\000m\000\040\000V\000i\000s\000i\000o\000n\000\040\000\050\0001\000-\0002\000\040\000y\000e\000a\000r\000s\000\051}{section.6.2}% 153
\BOOKMARK [2][-]{subsection.6.2.4}{\376\377\000T\000e\000c\000h\000n\000i\000c\000a\000l\000\040\000I\000m\000p\000r\000o\000v\000e\000m\000e\000n\000t\000s}{section.6.2}% 154
\BOOKMARK [2][-]{subsection.6.2.5}{\376\377\000F\000e\000a\000t\000u\000r\000e\000\040\000E\000x\000p\000a\000n\000s\000i\000o\000n\000s}{section.6.2}% 155
\BOOKMARK [2][-]{subsection.6.2.6}{\376\377\000R\000e\000s\000e\000a\000r\000c\000h\000\040\000a\000n\000d\000\040\000I\000n\000n\000o\000v\000a\000t\000i\000o\000n}{section.6.2}% 156
\BOOKMARK [2][-]{subsection.6.2.7}{\376\377\000C\000o\000n\000c\000l\000u\000s\000i\000o\000n\000\040\000o\000n\000\040\000F\000u\000t\000u\000r\000e\000\040\000S\000c\000o\000p\000e}{section.6.2}% 157
\BOOKMARK [0][-]{appendix.A}{\376\377\000T\000e\000s\000t\000\040\000C\000a\000s\000e\000\040\000D\000o\000c\000u\000m\000e\000n\000t\000a\000t\000i\000o\000n}{}% 158
\BOOKMARK [1][-]{section.A.1}{\376\377\000T\000e\000s\000t\000\040\000C\000a\000s\000e\000\040\000F\000o\000r\000m\000a\000t}{appendix.A}% 159
\BOOKMARK [1][-]{section.A.2}{\376\377\000S\000a\000m\000p\000l\000e\000\040\000T\000e\000s\000t\000\040\000C\000a\000s\000e}{appendix.A}% 160
\BOOKMARK [0][-]{appendix.B}{\376\377\000R\000i\000s\000k\000\040\000A\000s\000s\000e\000s\000s\000m\000e\000n\000t\000\040\000D\000o\000c\000u\000m\000e\000n\000t\000a\000t\000i\000o\000n}{}% 161
\BOOKMARK [1][-]{section.B.1}{\376\377\000R\000i\000s\000k\000\040\000F\000o\000r\000m\000a\000t}{appendix.B}% 162
\BOOKMARK [1][-]{section.B.2}{\376\377\000S\000a\000m\000p\000l\000e\000\040\000R\000i\000s\000k}{appendix.B}% 163
\BOOKMARK [0][-]{appendix.C}{\376\377\000S\000y\000s\000t\000e\000m\000\040\000S\000c\000r\000e\000e\000n\000s\000h\000o\000t\000s}{}% 164
\BOOKMARK [1][-]{section.C.1}{\376\377\000D\000a\000s\000h\000b\000o\000a\000r\000d\000\040\000V\000i\000e\000w}{appendix.C}% 165
\BOOKMARK [1][-]{section.C.2}{\376\377\000L\000e\000c\000t\000u\000r\000e\000\040\000S\000l\000o\000t\000s\000\040\000M\000a\000n\000a\000g\000e\000m\000e\000n\000t}{appendix.C}% 166
\BOOKMARK [1][-]{section.C.3}{\376\377\000T\000i\000m\000e\000t\000a\000b\000l\000e\000\040\000V\000i\000e\000w}{appendix.C}% 167
\BOOKMARK [1][-]{section.C.4}{\376\377\000E\000n\000r\000o\000l\000l\000m\000e\000n\000t\000\040\000I\000n\000t\000e\000r\000f\000a\000c\000e}{appendix.C}% 168
\BOOKMARK [0][-]{appendix.D}{\376\377\000I\000n\000s\000t\000a\000l\000l\000a\000t\000i\000o\000n\000\040\000a\000n\000d\000\040\000D\000e\000p\000l\000o\000y\000m\000e\000n\000t\000\040\000G\000u\000i\000d\000e}{}% 169
\BOOKMARK [1][-]{section.D.1}{\376\377\000P\000r\000e\000r\000e\000q\000u\000i\000s\000i\000t\000e\000s}{appendix.D}% 170
\BOOKMARK [1][-]{section.D.2}{\376\377\000I\000n\000s\000t\000a\000l\000l\000a\000t\000i\000o\000n\000\040\000S\000t\000e\000p\000s}{appendix.D}% 171
\BOOKMARK [1][-]{section.D.3}{\376\377\000D\000o\000c\000k\000e\000r\000\040\000D\000e\000p\000l\000o\000y\000m\000e\000n\000t}{appendix.D}% 172
